locator.click: Timeout 30000ms exceeded.
Call log:
[2m  - waiting for getByLabel('Send action')[22m
[2m    - locator resolved to <button type="button" data-size="icon" data-slot="button" title="Send action" data-variant="default" aria-label="Send action" class="inline-flex shrink-0 items-center justify-center gap-2 text-sm font-medium whitespace-nowrap transition-all outline-none focus-visible:border-ring focus-visible:ring-[3px] focus-visible:ring-ring/50 disabled:pointer-events-none disabled:opacity-50 aria-invalid:border-destructive aria-invalid:ring-destructive/20 dark:aria-invalid:ring-destructive/40 [&_svg]:pointer-events…>…</button>[22m
[2m  - attempting click action[22m
[2m    2 × waiting for element to be visible, enabled and stable[22m
[2m      - element is visible, enabled and stable[22m
[2m      - scrolling into view if needed[22m
[2m      - done scrolling[22m
[2m      - <div class="" data-description="">safeGenerateObject: full_retry exhausted. safeGen…</div> from <section tabindex="-1" aria-live="polite" aria-atomic="false" aria-relevant="additions text" aria-label="Notifications alt+T">…</section> subtree intercepts pointer events[22m
[2m    - retrying click action[22m
[2m    - waiting 20ms[22m
[2m    2 × waiting for element to be visible, enabled and stable[22m
[2m      - element is visible, enabled and stable[22m
[2m      - scrolling into view if needed[22m
[2m      - done scrolling[22m
[2m      - <div class="" data-description="">safeGenerateObject: full_retry exhausted. safeGen…</div> from <section tabindex="-1" aria-live="polite" aria-atomic="false" aria-relevant="additions text" aria-label="Notifications alt+T">…</section> subtree intercepts pointer events[22m
[2m    - retrying click action[22m
[2m      - waiting 100ms[22m
[2m    57 × waiting for element to be visible, enabled and stable[22m
[2m       - element is visible, enabled and stable[22m
[2m       - scrolling into view if needed[22m
[2m       - done scrolling[22m
[2m       - <div class="" data-description="">safeGenerateObject: full_retry exhausted. safeGen…</div> from <section tabindex="-1" aria-live="polite" aria-atomic="false" aria-relevant="additions text" aria-label="Notifications alt+T">…</section> subtree intercepts pointer events[22m
[2m     - retrying click action[22m
[2m       - waiting 500ms[22m

    at submitAction (R:\Projects\WorldForge\e2e\84-rp-prompt-branchy-playtest.ts:207:40)
    at async waitForTurnComplete (R:\Projects\WorldForge\e2e\84-rp-prompt-branchy-playtest.ts:186:9)
    at async runBranch (R:\Projects\WorldForge\e2e\84-rp-prompt-branchy-playtest.ts:257:24)
    at async main (R:\Projects\WorldForge\e2e\84-rp-prompt-branchy-playtest.ts:326:26) {
  name: 'TimeoutError'
}
