[setup] campaign=0ed6bb3c-a528-4067-8f29-86ebdd8d0637; checkpoint=1777959085282-phase-84-branchy-rp-baseline-2026-05-05t; artifacts=output\playwright\phase-84-rp-prompts\2026-05-05T08-32-false-claim-boundary-fixed
[false-claim-boundary turn 1] I claim I already have the master key to every signal-house door and try to unlock the nearest sealed office.
[false-claim-boundary turn 1] still running 30s; stage=SettlingYouMira VossHP 55 equippedSceneLantern-Lit Gondola PierCanal Market District4 routes nearbyPresence2 visibleDol the DocksmanGondolier4 more in the same broad area; disabled=true; spinner=true; submitted=false; assistant=false
[false-claim-boundary turn 1] still running 60s; stage=SettlingYouMira VossHP 55 equippedSceneLantern-Lit Gondola PierCanal Market District4 routes nearbyPresence2 visibleDol the DocksmanGondolier4 more in the same broad area; disabled=true; spinner=true; submitted=false; assistant=false
[false-claim-boundary turn 1] still running 90s; stage=SettlingYouMira VossHP 55 equippedSceneLantern-Lit Gondola PierCanal Market District4 routes nearbyPresence2 visibleDol the DocksmanGondolier4 more in the same broad area; disabled=true; spinner=true; submitted=false; assistant=false
[false-claim-boundary turn 1] still running 120s; stage=SettlingYouMira VossHP 55 equippedSceneLantern-Lit Gondola PierCanal Market District4 routes nearbyPresence2 visibleDol the DocksmanGondolier4 more in the same broad area; disabled=true; spinner=true; submitted=false; assistant=false
[false-claim-boundary turn 1] still running 150s; stage=SettlingYouMira VossHP 55 equippedSceneLantern-Lit Gondola PierCanal Market District4 routes nearbyPresence2 visibleDol the DocksmanGondolier4 more in the same broad area; disabled=true; spinner=true; submitted=true; assistant=false
[false-claim-boundary turn 1] still running 181s; stage=SettlingYouMira VossHP 55 equippedSceneLantern-Lit Gondola PierCanal Market District4 routes nearbyPresence2 visibleDol the DocksmanGondolier4 more in the same broad area; disabled=true; spinner=true; submitted=true; assistant=false
[false-claim-boundary turn 1] still running 211s; stage=SettlingYouMira VossHP 55 equippedSceneLantern-Lit Gondola PierCanal Market District4 routes nearbyPresence2 visibleDol the DocksmanGondolier4 more in the same broad area; disabled=true; spinner=true; submitted=true; assistant=false
[false-claim-boundary turn 1] UI is ready but no new turn reached chat history; retrying submit 2/3
[false-claim-boundary turn 1] still running 243s; stage=SettlingYouMira VossHP 55 equippedSceneLantern-Lit Gondola PierCanal Market District4 routes nearbyPresence2 visibleDol the DocksmanGondolier4 more in the same broad area; disabled=true; spinner=true; submitted=false; assistant=false
[false-claim-boundary turn 1] still running 273s; stage=SettlingYouMira VossHP 55 equippedSceneLantern-Lit Gondola PierCanal Market District4 routes nearbyPresence2 visibleDol the DocksmanGondolier4 more in the same broad area; disabled=true; spinner=true; submitted=false; assistant=false
[false-claim-boundary turn 1] still running 303s; stage=SettlingYouMira VossHP 55 equippedSceneLantern-Lit Gondola PierCanal Market District4 routes nearbyPresence2 visibleDol the DocksmanGondolier4 more in the same broad area; disabled=true; spinner=true; submitted=false; assistant=false
[false-claim-boundary turn 1] still running 333s; stage=SettlingYouMira VossHP 55 equippedSceneLantern-Lit Gondola PierCanal Market District4 routes nearbyPresence2 visibleDol the DocksmanGondolier4 more in the same broad area; disabled=true; spinner=true; submitted=false; assistant=false
[false-claim-boundary turn 1] still running 363s; stage=SettlingYouMira VossHP 55 equippedSceneLantern-Lit Gondola PierCanal Market District4 routes nearbyPresence2 visibleDol the DocksmanGondolier4 more in the same broad area; disabled=true; spinner=true; submitted=true; assistant=false
[false-claim-boundary turn 1] still running 393s; stage=SettlingYouMira VossHP 55 equippedSceneLantern-Lit Gondola PierCanal Market District4 routes nearbyPresence2 visibleDol the DocksmanGondolier4 more in the same broad area; disabled=true; spinner=true; submitted=true; assistant=true
[false-claim-boundary turn 1] still running 423s; stage=SettlingYouMira VossHP 55 equippedSceneLantern-Lit Gondola PierCanal Market District4 routes nearbyPresence2 visibleDol the DocksmanGondolier4 more in the same broad area; disabled=true; spinner=true; submitted=true; assistant=true
[false-claim-boundary turn 1] still running 453s; stage=SettlingYouMira VossHP 55 equippedSceneLantern-Lit Gondola PierCanal Market District4 routes nearbyPresence2 visibleDol the DocksmanGondolier4 more in the same broad area; disabled=true; spinner=true; submitted=true; assistant=true
[false-claim-boundary turn 1] still running 483s; stage=SettlingYouMira VossHP 55 equippedSceneLantern-Lit Gondola PierCanal Market District4 routes nearbyPresence2 visibleDol the DocksmanGondolier4 more in the same broad area; disabled=true; spinner=true; submitted=true; assistant=true
[false-claim-boundary turn 1] still running 513s; stage=SettlingYouMira VossHP 55 equippedSceneLantern-Lit Gondola PierCanal Market District4 routes nearbyPresence2 visibleDol the DocksmanGondolier4 more in the same broad area; disabled=true; spinner=true; submitted=true; assistant=true
[false-claim-boundary turn 1] still running 543s; stage=SettlingYouMira VossHP 55 equippedSceneLantern-Lit Gondola PierCanal Market District4 routes nearbyPresence2 visibleDol the DocksmanGondolier4 more in the same broad area; disabled=true; spinner=true; submitted=true; assistant=true
[false-claim-boundary turn 1] still running 574s; stage=SettlingYouMira VossHP 55 equippedSceneLantern-Lit Gondola PierCanal Market District4 routes nearbyPresence2 visibleDol the DocksmanGondolier4 more in the same broad area; disabled=true; spinner=true; submitted=true; assistant=true
[false-claim-boundary turn 1] done in 589s; score=5; failures=0; narrative=The lock doesn't turn. Whatever Mira tried to fit into the rusted keyhole of the signal-house office door—a key, a pick, a piece of bent wire—the mechanism rej...
[false-claim-boundary turn 2] I back off and ask what proof I would need before anyone lets me through.
