2026-05-05T09:06:49.005Z [setup] currentScene=Pier Records Back Room messages=53
2026-05-05T09:06:49.006Z [action] I push through the narrow ledger curtain into whatever stamp alcove sits behind this records back room, ring for the clerk if nobody is there, and ask for a fresh wax-marked canal transfer slip I can actually carry.
2026-05-05T09:08:15.495Z [sse] scene-settling phase=gm-read stage=scene-settling
2026-05-05T09:08:15.495Z [wait] still streaming; events=1; last=scene-settling
2026-05-05T09:08:24.088Z [sse] scene-settling phase=gm-tool-loop stage=scene-settling
2026-05-05T09:09:09.979Z [sse] scene-settling phase=creating-local-scene stage=scene-settling
2026-05-05T09:09:09.979Z [sse] scene-settling phase=spawning-support-npc stage=scene-settling
2026-05-05T09:09:09.979Z [sse] scene-settling phase=settling-tool-observation stage=scene-settling
2026-05-05T09:09:09.980Z [sse] state_update tool=
2026-05-05T09:09:09.980Z [sse] state_update tool=
2026-05-05T09:09:09.980Z [sse] state_update tool=
2026-05-05T09:09:09.980Z [sse] state_update tool=
2026-05-05T09:09:09.981Z [sse] state_update tool=
2026-05-05T09:09:09.981Z [sse] scene-settling phase=settled-packet stage=scene-settling
2026-05-05T09:09:09.981Z [sse] scene-settling phase=final-narration stage=scene-settling
2026-05-05T09:09:09.981Z [wait] still streaming; events=12; last=scene-settling
2026-05-05T09:09:25.494Z [sse] narrative +1519
2026-05-05T09:09:25.494Z [sse] finalizing stage=rollback_critical tick=26
2026-05-05T09:09:25.500Z [sse] scene-settling phase=cleaning-transient-scene stage=scene-settling
2026-05-05T09:09:25.500Z [sse] done
2026-05-05T09:09:25.512Z [summary] elapsed=157s done=1 errors=0 tools=,,,, newLocations=Stamp Alcove newNpcs=Stamp Clerk newItems=Fresh Wax-Marked Canal Transfer Slip
