[20:46:56.924] [32mINFO[39m: [36mbackfill.start[39m
    [35mtag[39m: "backfill-personality"
    [35mevent[39m: "backfill.start"
    [35mpayload[39m: {
      "campaignCount": 1,
      "dryRun": false,
      "batchSize": 5
    }
[20:46:56.932] [32mINFO[39m: [36mbackfill.campaign_start[39m
    [35mtag[39m: "backfill-personality"
    [35mevent[39m: "backfill.campaign_start"
    [35mpayload[39m: {
      "campaignId": "b89467e4-4c6a-422d-82d9-8e948b356dae",
      "totalRecords": 15,
      "dryRun": false,
      "batchSize": 5
    }
[20:46:56.932] [32mINFO[39m: [36mbackfill.skip[39m
    [35mtag[39m: "backfill-personality"
    [35mturnId[39m: "backfill-6d250cfb-e208-4868-a487-889b150e70ca"
    [35mcampaignId[39m: "b89467e4-4c6a-422d-82d9-8e948b356dae"
    [35mtick[39m: 0
    [35mrole[39m: "tool"
    [35mevent[39m: "backfill.skip"
    [35mpayload[39m: {
      "campaignId": "b89467e4-4c6a-422d-82d9-8e948b356dae",
      "recordId": "6d250cfb-e208-4868-a487-889b150e70ca",
      "kind": "npc",
      "reason": "personality_present"
    }
[20:46:56.933] [32mINFO[39m: [36mbackfill.skip[39m
    [35mtag[39m: "backfill-personality"
    [35mturnId[39m: "backfill-a2a48899-4453-4d27-8b68-4f21af7c33c8"
    [35mcampaignId[39m: "b89467e4-4c6a-422d-82d9-8e948b356dae"
    [35mtick[39m: 0
    [35mrole[39m: "tool"
    [35mevent[39m: "backfill.skip"
    [35mpayload[39m: {
      "campaignId": "b89467e4-4c6a-422d-82d9-8e948b356dae",
      "recordId": "a2a48899-4453-4d27-8b68-4f21af7c33c8",
      "kind": "npc",
      "reason": "personality_present"
    }
[20:46:56.933] [32mINFO[39m: [36mbackfill.skip[39m
    [35mtag[39m: "backfill-personality"
    [35mturnId[39m: "backfill-bcbd80ef-506f-4578-90ca-4bcfcde7b7d3"
    [35mcampaignId[39m: "b89467e4-4c6a-422d-82d9-8e948b356dae"
    [35mtick[39m: 0
    [35mrole[39m: "tool"
    [35mevent[39m: "backfill.skip"
    [35mpayload[39m: {
      "campaignId": "b89467e4-4c6a-422d-82d9-8e948b356dae",
      "recordId": "bcbd80ef-506f-4578-90ca-4bcfcde7b7d3",
      "kind": "npc",
      "reason": "personality_present"
    }
[20:46:56.933] [32mINFO[39m: [36mbackfill.skip[39m
    [35mtag[39m: "backfill-personality"
    [35mturnId[39m: "backfill-3cc51f21-6e54-4cb5-aa35-a9acd5a4f461"
    [35mcampaignId[39m: "b89467e4-4c6a-422d-82d9-8e948b356dae"
    [35mtick[39m: 0
    [35mrole[39m: "tool"
    [35mevent[39m: "backfill.skip"
    [35mpayload[39m: {
      "campaignId": "b89467e4-4c6a-422d-82d9-8e948b356dae",
      "recordId": "3cc51f21-6e54-4cb5-aa35-a9acd5a4f461",
      "kind": "npc",
      "reason": "personality_present"
    }
[20:46:56.934] [32mINFO[39m: [36mbackfill.skip[39m
    [35mtag[39m: "backfill-personality"
    [35mturnId[39m: "backfill-c0571f70-c1d5-4018-b27a-89d76e07bf96"
    [35mcampaignId[39m: "b89467e4-4c6a-422d-82d9-8e948b356dae"
    [35mtick[39m: 0
    [35mrole[39m: "tool"
    [35mevent[39m: "backfill.skip"
    [35mpayload[39m: {
      "campaignId": "b89467e4-4c6a-422d-82d9-8e948b356dae",
      "recordId": "c0571f70-c1d5-4018-b27a-89d76e07bf96",
      "kind": "npc",
      "reason": "personality_present"
    }
[20:46:56.934] [32mINFO[39m: [36mbackfill.batch_complete[39m
    [35mtag[39m: "backfill-personality"
    [35mturnId[39m: "backfill-c0571f70-c1d5-4018-b27a-89d76e07bf96"
    [35mcampaignId[39m: "b89467e4-4c6a-422d-82d9-8e948b356dae"
    [35mtick[39m: 0
    [35mrole[39m: "tool"
    [35mevent[39m: "backfill.batch_complete"
    [35mpayload[39m: {
      "campaignId": "b89467e4-4c6a-422d-82d9-8e948b356dae",
      "batchSize": 5,
      "runningTotals": {
        "written": 0,
        "skipped": 5,
        "failed": 0,
        "changed": 0
      }
    }
[20:46:56.934] [32mINFO[39m: [36mbackfill.skip[39m
    [35mtag[39m: "backfill-personality"
    [35mturnId[39m: "backfill-cac8be2e-b1eb-445e-a293-ce529770cdcc"
    [35mcampaignId[39m: "b89467e4-4c6a-422d-82d9-8e948b356dae"
    [35mtick[39m: 0
    [35mrole[39m: "tool"
    [35mevent[39m: "backfill.skip"
    [35mpayload[39m: {
      "campaignId": "b89467e4-4c6a-422d-82d9-8e948b356dae",
      "recordId": "cac8be2e-b1eb-445e-a293-ce529770cdcc",
      "kind": "npc",
      "reason": "personality_present"
    }
[20:46:56.935] [32mINFO[39m: [36mbackfill.skip[39m
    [35mtag[39m: "backfill-personality"
    [35mturnId[39m: "backfill-36bf1350-0d29-4032-bc8a-c57d552832fc"
    [35mcampaignId[39m: "b89467e4-4c6a-422d-82d9-8e948b356dae"
    [35mtick[39m: 0
    [35mrole[39m: "tool"
    [35mevent[39m: "backfill.skip"
    [35mpayload[39m: {
      "campaignId": "b89467e4-4c6a-422d-82d9-8e948b356dae",
      "recordId": "36bf1350-0d29-4032-bc8a-c57d552832fc",
      "kind": "npc",
      "reason": "personality_present"
    }
[20:46:56.935] [32mINFO[39m: [36mbackfill.skip[39m
    [35mtag[39m: "backfill-personality"
    [35mturnId[39m: "backfill-3c3c0b81-2759-4478-b769-5fe4faac0d32"
    [35mcampaignId[39m: "b89467e4-4c6a-422d-82d9-8e948b356dae"
    [35mtick[39m: 0
    [35mrole[39m: "tool"
    [35mevent[39m: "backfill.skip"
    [35mpayload[39m: {
      "campaignId": "b89467e4-4c6a-422d-82d9-8e948b356dae",
      "recordId": "3c3c0b81-2759-4478-b769-5fe4faac0d32",
      "kind": "npc",
      "reason": "personality_present"
    }
[20:46:56.935] [32mINFO[39m: [36mbackfill.skip[39m
    [35mtag[39m: "backfill-personality"
    [35mturnId[39m: "backfill-d18040b9-ecd2-4bfc-a0c1-f57efcd3ab42"
    [35mcampaignId[39m: "b89467e4-4c6a-422d-82d9-8e948b356dae"
    [35mtick[39m: 0
    [35mrole[39m: "tool"
    [35mevent[39m: "backfill.skip"
    [35mpayload[39m: {
      "campaignId": "b89467e4-4c6a-422d-82d9-8e948b356dae",
      "recordId": "d18040b9-ecd2-4bfc-a0c1-f57efcd3ab42",
      "kind": "npc",
      "reason": "personality_present"
    }
[20:46:56.935] [32mINFO[39m: [36mbackfill.skip[39m
    [35mtag[39m: "backfill-personality"
    [35mturnId[39m: "backfill-a85a69c3-6a6a-447c-ab9f-ebc96e79359d"
    [35mcampaignId[39m: "b89467e4-4c6a-422d-82d9-8e948b356dae"
    [35mtick[39m: 0
    [35mrole[39m: "tool"
    [35mevent[39m: "backfill.skip"
    [35mpayload[39m: {
      "campaignId": "b89467e4-4c6a-422d-82d9-8e948b356dae",
      "recordId": "a85a69c3-6a6a-447c-ab9f-ebc96e79359d",
      "kind": "npc",
      "reason": "personality_present"
    }
[20:46:56.936] [32mINFO[39m: [36mbackfill.batch_complete[39m
    [35mtag[39m: "backfill-personality"
    [35mturnId[39m: "backfill-a85a69c3-6a6a-447c-ab9f-ebc96e79359d"
    [35mcampaignId[39m: "b89467e4-4c6a-422d-82d9-8e948b356dae"
    [35mtick[39m: 0
    [35mrole[39m: "tool"
    [35mevent[39m: "backfill.batch_complete"
    [35mpayload[39m: {
      "campaignId": "b89467e4-4c6a-422d-82d9-8e948b356dae",
      "batchSize": 5,
      "runningTotals": {
        "written": 0,
        "skipped": 10,
        "failed": 0,
        "changed": 0
      }
    }
[20:46:56.936] [32mINFO[39m: [36mbackfill.skip[39m
    [35mtag[39m: "backfill-personality"
    [35mturnId[39m: "backfill-2f90383b-f653-4797-a87c-814fb33e1ac9"
    [35mcampaignId[39m: "b89467e4-4c6a-422d-82d9-8e948b356dae"
    [35mtick[39m: 0
    [35mrole[39m: "tool"
    [35mevent[39m: "backfill.skip"
    [35mpayload[39m: {
      "campaignId": "b89467e4-4c6a-422d-82d9-8e948b356dae",
      "recordId": "2f90383b-f653-4797-a87c-814fb33e1ac9",
      "kind": "npc",
      "reason": "personality_present"
    }
[20:46:56.936] [32mINFO[39m: [36mbackfill.skip[39m
    [35mtag[39m: "backfill-personality"
    [35mturnId[39m: "backfill-ba34e889-19c9-4862-ac9a-7fceec9ae27a"
    [35mcampaignId[39m: "b89467e4-4c6a-422d-82d9-8e948b356dae"
    [35mtick[39m: 0
    [35mrole[39m: "tool"
    [35mevent[39m: "backfill.skip"
    [35mpayload[39m: {
      "campaignId": "b89467e4-4c6a-422d-82d9-8e948b356dae",
      "recordId": "ba34e889-19c9-4862-ac9a-7fceec9ae27a",
      "kind": "npc",
      "reason": "personality_present"
    }
[20:46:56.936] [32mINFO[39m: [36mbackfill.skip[39m
    [35mtag[39m: "backfill-personality"
    [35mturnId[39m: "backfill-51e86c17-8f3f-4133-90b9-cb9950431d92"
    [35mcampaignId[39m: "b89467e4-4c6a-422d-82d9-8e948b356dae"
    [35mtick[39m: 0
    [35mrole[39m: "tool"
    [35mevent[39m: "backfill.skip"
    [35mpayload[39m: {
      "campaignId": "b89467e4-4c6a-422d-82d9-8e948b356dae",
      "recordId": "51e86c17-8f3f-4133-90b9-cb9950431d92",
      "kind": "npc",
      "reason": "personality_present"
    }
[20:46:56.936] [32mINFO[39m: [36mbackfill.skip[39m
    [35mtag[39m: "backfill-personality"
    [35mturnId[39m: "backfill-1a9d49f8-7beb-470b-8d67-7429f6f1f915"
    [35mcampaignId[39m: "b89467e4-4c6a-422d-82d9-8e948b356dae"
    [35mtick[39m: 0
    [35mrole[39m: "tool"
    [35mevent[39m: "backfill.skip"
    [35mpayload[39m: {
      "campaignId": "b89467e4-4c6a-422d-82d9-8e948b356dae",
      "recordId": "1a9d49f8-7beb-470b-8d67-7429f6f1f915",
      "kind": "npc",
      "reason": "personality_present"
    }
[20:46:56.936] [32mINFO[39m: [36mbackfill.skip[39m
    [35mtag[39m: "backfill-personality"
    [35mturnId[39m: "backfill-a10e0968-6d5c-44b5-bad4-e29e4145d3aa"
    [35mcampaignId[39m: "b89467e4-4c6a-422d-82d9-8e948b356dae"
    [35mtick[39m: 0
    [35mrole[39m: "tool"
    [35mevent[39m: "backfill.skip"
    [35mpayload[39m: {
      "campaignId": "b89467e4-4c6a-422d-82d9-8e948b356dae",
      "recordId": "a10e0968-6d5c-44b5-bad4-e29e4145d3aa",
      "kind": "player",
      "reason": "personality_present"
    }
[20:46:56.937] [32mINFO[39m: [36mbackfill.batch_complete[39m
    [35mtag[39m: "backfill-personality"
    [35mturnId[39m: "backfill-a10e0968-6d5c-44b5-bad4-e29e4145d3aa"
    [35mcampaignId[39m: "b89467e4-4c6a-422d-82d9-8e948b356dae"
    [35mtick[39m: 0
    [35mrole[39m: "tool"
    [35mevent[39m: "backfill.batch_complete"
    [35mpayload[39m: {
      "campaignId": "b89467e4-4c6a-422d-82d9-8e948b356dae",
      "batchSize": 5,
      "runningTotals": {
        "written": 0,
        "skipped": 15,
        "failed": 0,
        "changed": 0
      }
    }
[20:46:56.939] [32mINFO[39m: [36mbackfill.sentinel_written[39m
    [35mtag[39m: "backfill-personality"
    [35mevent[39m: "backfill.sentinel_written"
    [35mpayload[39m: {
      "campaignId": "b89467e4-4c6a-422d-82d9-8e948b356dae",
      "configPath": "R:\Projects\WorldForge\campaigns\b89467e4-4c6a-422d-82d9-8e948b356dae\config.json"
    }
[20:46:56.939] [32mINFO[39m: [36mbackfill.campaign_complete[39m
    [35mtag[39m: "backfill-personality"
    [35mevent[39m: "backfill.campaign_complete"
    [35mpayload[39m: {
      "campaignId": "b89467e4-4c6a-422d-82d9-8e948b356dae",
      "written": 0,
      "skipped": 15,
      "failed": 0,
      "changed": 0
    }
[20:46:56.939] [32mINFO[39m: [36mbackfill.finished[39m
    [35mtag[39m: "backfill-personality"
    [35mevent[39m: "backfill.finished"
    [35mpayload[39m: {
      "written": 0,
      "skipped": 15,
      "failed": 0,
      "changed": 0,
      "campaignsProcessed": 1
    }
