R:\Projects\WorldForge\backend\src\index.ts:129
    throw err;
    ^


Error: listen EADDRINUSE: address already in use :::3001
    at Server.setupListenHandle [as _listen2] (node:net:1939:16)
    at listenInCluster (node:net:1996:12)
    at Server.listen (node:net:2101:7)
    at serve (file:///R:/Projects/WorldForge/backend/node_modules/@hono/node-server/dist/index.mjs:562:10)
    at startServer (R:\Projects\WorldForge\backend\src\index.ts:112:18)
    at Timeout._onTimeout (R:\Projects\WorldForge\backend\src\index.ts:126:24)
    at listOnTimeout (node:internal/timers:608:17)
    at process.processTimers (node:internal/timers:543:7) {
  code: 'EADDRINUSE',
  errno: -4091,
  syscall: 'listen',
  address: '::',
  port: 3001
}

Node.js v23.11.0
R:\Projects\WorldForge\backend\src\index.ts:129
    throw err;
    ^


Error: listen EADDRINUSE: address already in use :::3001
    at Server.setupListenHandle [as _listen2] (node:net:1939:16)
    at listenInCluster (node:net:1996:12)
    at Server.listen (node:net:2101:7)
    at serve (file:///R:/Projects/WorldForge/backend/node_modules/@hono/node-server/dist/index.mjs:562:10)
    at startServer (R:\Projects\WorldForge\backend\src\index.ts:112:18)
    at Timeout._onTimeout (R:\Projects\WorldForge\backend\src\index.ts:126:24)
    at listOnTimeout (node:internal/timers:608:17)
    at process.processTimers (node:internal/timers:543:7) {
  code: 'EADDRINUSE',
  errno: -4091,
  syscall: 'listen',
  address: '::',
  port: 3001
}

Node.js v23.11.0
R:\Projects\WorldForge\backend\src\index.ts:129
    throw err;
    ^


Error: listen EADDRINUSE: address already in use :::3001
    at Server.setupListenHandle [as _listen2] (node:net:1939:16)
    at listenInCluster (node:net:1996:12)
    at Server.listen (node:net:2101:7)
    at serve (file:///R:/Projects/WorldForge/backend/node_modules/@hono/node-server/dist/index.mjs:562:10)
    at startServer (R:\Projects\WorldForge\backend\src\index.ts:112:18)
    at Timeout._onTimeout (R:\Projects\WorldForge\backend\src\index.ts:126:24)
    at listOnTimeout (node:internal/timers:608:17)
    at process.processTimers (node:internal/timers:543:7) {
  code: 'EADDRINUSE',
  errno: -4091,
  syscall: 'listen',
  address: '::',
  port: 3001
}

Node.js v23.11.0
R:\Projects\WorldForge\backend\src\index.ts:129
    throw err;
    ^


Error: listen EADDRINUSE: address already in use :::3001
    at Server.setupListenHandle [as _listen2] (node:net:1939:16)
    at listenInCluster (node:net:1996:12)
    at Server.listen (node:net:2101:7)
    at serve (file:///R:/Projects/WorldForge/backend/node_modules/@hono/node-server/dist/index.mjs:562:10)
    at startServer (R:\Projects\WorldForge\backend\src\index.ts:112:18)
    at Timeout._onTimeout (R:\Projects\WorldForge\backend\src\index.ts:126:24)
    at listOnTimeout (node:internal/timers:608:17)
    at process.processTimers (node:internal/timers:543:7) {
  code: 'EADDRINUSE',
  errno: -4091,
  syscall: 'listen',
  address: '::',
  port: 3001
}

Node.js v23.11.0
R:\Projects\WorldForge\backend\src\index.ts:129
    throw err;
    ^


Error: listen EADDRINUSE: address already in use :::3001
    at Server.setupListenHandle [as _listen2] (node:net:1939:16)
    at listenInCluster (node:net:1996:12)
    at Server.listen (node:net:2101:7)
    at serve (file:///R:/Projects/WorldForge/backend/node_modules/@hono/node-server/dist/index.mjs:562:10)
    at startServer (R:\Projects\WorldForge\backend\src\index.ts:112:18)
    at Timeout._onTimeout (R:\Projects\WorldForge\backend\src\index.ts:126:24)
    at listOnTimeout (node:internal/timers:608:17)
    at process.processTimers (node:internal/timers:543:7) {
  code: 'EADDRINUSE',
  errno: -4091,
  syscall: 'listen',
  address: '::',
  port: 3001
}

Node.js v23.11.0
