
> backend@1.0.0 dev
> node --import tsx/esm --watch src/index.ts

Restarting 'src/index.ts'
Restarting 'src/index.ts'
Port 3001 busy, retrying in 1s... (3 left)
Port 3001 busy, retrying in 1s... (2 left)
Port 3001 busy, retrying in 1s... (1 left)
Failed running 'src/index.ts'
Restarting 'src/index.ts'
Restarting 'src/index.ts'
Port 3001 busy, retrying in 1s... (3 left)
Port 3001 busy, retrying in 1s... (2 left)
Port 3001 busy, retrying in 1s... (1 left)
Failed running 'src/index.ts'
Restarting 'src/index.ts'
WorldForge backend listening on http://localhost:3001
Failed running 'src/index.ts'
Restarting 'src/index.ts'
Port 3001 busy, retrying in 1s... (3 left)
Port 3001 busy, retrying in 1s... (2 left)
Port 3001 busy, retrying in 1s... (1 left)
Failed running 'src/index.ts'
Restarting 'src/index.ts'
Restarting 'src/index.ts'
Port 3001 busy, retrying in 1s... (3 left)
Port 3001 busy, retrying in 1s... (2 left)
Port 3001 busy, retrying in 1s... (1 left)
Failed running 'src/index.ts'
Restarting 'src/index.ts'
Restarting 'src/index.ts'
WorldForge backend listening on http://localhost:3001
Restarting 'src/index.ts'
Port 3001 busy, retrying in 1s... (3 left)
Port 3001 busy, retrying in 1s... (2 left)
Port 3001 busy, retrying in 1s... (1 left)
Failed running 'src/index.ts'
