[setup] campaign=0ed6bb3c-a528-4067-8f29-86ebdd8d0637; checkpoint=1777960019178-phase-84-branchy-rp-baseline-2026-05-05t; artifacts=output/playwright/phase-84-rp-prompts/2026-05-05T08-46-58-false-claim-fallback-pass
[false-claim-boundary turn 1] I claim I already have the master key to every signal-house door and try to unlock the nearest sealed office.
[false-claim-boundary turn 1] still running 30s; stage=SettlingYouMira VossHP 55 equippedSceneLantern-Lit Gondola PierCanal Market District4 routes nearbyPresence2 visibleDol the DocksmanGondolier4 more in the same broad area; disabled=true; spinner=true; submitted=false; assistant=false
[false-claim-boundary turn 1] still running 60s; stage=SettlingYouMira VossHP 55 equippedSceneLantern-Lit Gondola PierCanal Market District4 routes nearbyPresence2 visibleDol the DocksmanGondolier4 more in the same broad area; disabled=true; spinner=true; submitted=false; assistant=false
[false-claim-boundary turn 1] still running 90s; stage=SettlingYouMira VossHP 55 equippedSceneLantern-Lit Gondola PierCanal Market District4 routes nearbyPresence2 visibleDol the DocksmanGondolier4 more in the same broad area; disabled=true; spinner=true; submitted=false; assistant=false
[false-claim-boundary turn 1] still running 120s; stage=SettlingYouMira VossHP 55 equippedSceneLantern-Lit Gondola PierCanal Market District4 routes nearbyPresence2 visibleDol the DocksmanGondolier4 more in the same broad area; disabled=true; spinner=true; submitted=false; assistant=false
[false-claim-boundary turn 1] still running 150s; stage=SettlingYouMira VossHP 55 equippedSceneLantern-Lit Gondola PierCanal Market District4 routes nearbyPresence2 visibleDol the DocksmanGondolier4 more in the same broad area; disabled=true; spinner=true; submitted=false; assistant=false
[false-claim-boundary turn 1] still running 180s; stage=SettlingYouMira VossHP 55 equippedSceneLantern-Lit Gondola PierCanal Market District4 routes nearbyPresence2 visibleDol the DocksmanGondolier4 more in the same broad area; disabled=true; spinner=true; submitted=false; assistant=false
[false-claim-boundary turn 1] still running 211s; stage=SettlingYouMira VossHP 55 equippedSceneLantern-Lit Gondola PierCanal Market District4 routes nearbyPresence2 visibleDol the DocksmanGondolier4 more in the same broad area; disabled=true; spinner=true; submitted=false; assistant=false
[false-claim-boundary turn 1] still running 241s; stage=SettlingYouMira VossHP 55 equippedSceneLantern-Lit Gondola PierCanal Market District4 routes nearbyPresence2 visibleDol the DocksmanGondolier4 more in the same broad area; disabled=true; spinner=true; submitted=false; assistant=false
[false-claim-boundary turn 1] still running 271s; stage=SettlingYouMira VossHP 55 equippedSceneLantern-Lit Gondola PierCanal Market District4 routes nearbyPresence2 visibleDol the DocksmanGondolier4 more in the same broad area; disabled=true; spinner=true; submitted=false; assistant=false
[false-claim-boundary turn 1] still running 301s; stage=SettlingYouMira VossHP 55 equippedSceneLantern-Lit Gondola PierCanal Market District4 routes nearbyPresence2 visibleDol the DocksmanGondolier4 more in the same broad area; disabled=true; spinner=true; submitted=true; assistant=false
[false-claim-boundary turn 1] still running 331s; stage=SettlingYouMira VossHP 55 equippedSceneLantern-Lit Gondola PierCanal Market District4 routes nearbyPresence2 visibleDol the DocksmanGondolier4 more in the same broad area; disabled=true; spinner=true; submitted=true; assistant=false
[false-claim-boundary turn 1] done in 351s; score=5; failures=0; narrative=The pencil slips from behind Mira's ear. She catches it against her palm—stalling, maybe, or maybe the motion is deliberate—and turns back toward the signal-hou...
[false-claim-boundary turn 2] I back off and ask what proof I would need before anyone lets me through.
[false-claim-boundary turn 2] still running 30s; stage=SettlingYouMira VossHP 55 equippedSceneLantern-Lit Gondola PierCanal Market District4 routes nearbyPresence2 visibleDol the DocksmanGondolier4 more in the same broad area; disabled=true; spinner=true; submitted=false; assistant=false
[false-claim-boundary turn 2] still running 60s; stage=SettlingYouMira VossHP 55 equippedSceneLantern-Lit Gondola PierCanal Market District4 routes nearbyPresence2 visibleDol the DocksmanGondolier4 more in the same broad area; disabled=true; spinner=true; submitted=false; assistant=false
[false-claim-boundary turn 2] still running 90s; stage=SettlingYouMira VossHP 55 equippedSceneLantern-Lit Gondola PierCanal Market District4 routes nearbyPresence2 visibleDol the DocksmanGondolier4 more in the same broad area; disabled=true; spinner=true; submitted=false; assistant=false
[false-claim-boundary turn 2] still running 120s; stage=SettlingYouMira VossHP 55 equippedSceneLantern-Lit Gondola PierCanal Market District4 routes nearbyPresence2 visibleDol the DocksmanGondolier4 more in the same broad area; disabled=true; spinner=true; submitted=false; assistant=false
[false-claim-boundary turn 2] still running 150s; stage=SettlingYouMira VossHP 55 equippedSceneLantern-Lit Gondola PierCanal Market District4 routes nearbyPresence2 visibleDol the DocksmanGondolier4 more in the same broad area; disabled=true; spinner=true; submitted=false; assistant=false
[false-claim-boundary turn 2] still running 180s; stage=SettlingYouMira VossHP 55 equippedSceneLantern-Lit Gondola PierCanal Market District4 routes nearbyPresence2 visibleDol the DocksmanGondolier4 more in the same broad area; disabled=true; spinner=true; submitted=false; assistant=false
[false-claim-boundary turn 2] still running 210s; stage=SettlingYouMira VossHP 55 equippedSceneLantern-Lit Gondola PierCanal Market District4 routes nearbyPresence2 visibleDol the DocksmanGondolier4 more in the same broad area; disabled=true; spinner=true; submitted=false; assistant=false
[false-claim-boundary turn 2] still running 241s; stage=SettlingYouMira VossHP 55 equippedSceneLantern-Lit Gondola PierCanal Market District4 routes nearbyPresence2 visibleDol the DocksmanGondolier4 more in the same broad area; disabled=true; spinner=true; submitted=false; assistant=false
